2025-09-09 15:55:22,144 - INFO - Initializing exchanges...
2025-09-09 15:55:22,278 - INFO - Running on http://0.0.0.0:5001 (CTRL + C to quit)
2025-09-09 15:55:30,807 - INFO - Successfully initialized bybit
2025-09-09 15:55:37,711 - INFO - Successfully initialized kucoin
2025-09-09 15:55:47,341 - INFO - Successfully initialized bingx
2025-09-09 15:56:14,828 - INFO - Successfully initialized gate
2025-09-09 15:56:27,299 - INFO - Successfully initialized binance
2025-09-09 15:56:27,300 - INFO - Starting all arbitrage scanners...
2025-09-09 15:56:27,302 - INFO - Initializing Cross-Exchange Arbitrage Engine...
2025-09-09 15:56:27,303 - INFO - Starting cross-exchange price streams...
2025-09-09 15:56:27,304 - INFO - Starting Triangular Arbitrage Engine...
2025-09-09 15:56:27,304 - INFO - Initialized 5 exchanges: ['bybit', 'kucoin', 'bingx', 'gate', 'binance']
2025-09-09 15:56:27,306 - INFO - Starting triangular opportunity scanning...
2025-09-09 15:56:27,311 - INFO - Start polling
2025-09-09 15:56:27,313 - INFO - [bybit] Initializing triangular scanner...
2025-09-09 15:56:27,323 - INFO - [bybit] Found 663 active spot markets.
2025-09-09 15:56:28,713 - INFO - [bybit] Generated 657 total triangular paths.
2025-09-09 15:56:28,772 - INFO - [bybit] Filtered to 651 priority paths.
2025-09-09 15:56:28,785 - INFO - [bybit] Generated 651 paths across 251 symbols.
2025-09-09 15:56:28,801 - INFO - [kucoin] Initializing triangular scanner...
2025-09-09 15:56:28,854 - INFO - [kucoin] Found 1295 active spot markets.
2025-09-09 15:56:34,730 - INFO - [kucoin] Generated 1129 total triangular paths.
2025-09-09 15:56:34,785 - INFO - [kucoin] Filtered to 1129 priority paths.
2025-09-09 15:56:34,797 - INFO - [kucoin] Generated 1129 paths across 365 symbols.
2025-09-09 15:56:34,800 - INFO - [bingx] Initializing triangular scanner...
2025-09-09 15:56:34,807 - INFO - [bingx] Found 957 active spot markets.
2025-09-09 15:56:39,576 - INFO - [bingx] Generated 69 total triangular paths.
2025-09-09 15:56:39,638 - INFO - [bingx] Filtered to 69 priority paths.
2025-09-09 15:56:39,663 - INFO - [bingx] Generated 69 paths across 44 symbols.
2025-09-09 15:56:39,676 - INFO - [gate] Initializing triangular scanner...
2025-09-09 15:56:39,746 - INFO - [gate] Found 2654 active spot markets.
2025-09-09 15:57:24,841 - INFO - [gate] Generated 567 total triangular paths.
2025-09-09 15:57:24,865 - INFO - [gate] Filtered to 567 priority paths.
2025-09-09 15:57:24,875 - INFO - [gate] Generated 567 paths across 271 symbols.
2025-09-09 15:57:24,882 - INFO - [binance] Initializing triangular scanner...
2025-09-09 15:57:24,900 - INFO - [binance] Found 1519 active spot markets.
2025-09-09 15:57:27,664 - INFO - [binance] Generated 7587 total triangular paths.
2025-09-09 15:57:27,946 - INFO - [binance] Filtered to 7167 priority paths.
2025-09-09 15:57:28,048 - INFO - [binance] Generated 7167 paths across 1473 symbols.
2025-09-09 15:57:28,130 - INFO - Updating account balances...
2025-09-09 15:57:28,278 - ERROR - Could not fetch balance for bybit: bybit requires "apiKey" credential
2025-09-09 15:57:28,506 - ERROR - Could not fetch balance for kucoin: kucoin requires "apiKey" credential
2025-09-09 15:57:28,545 - INFO - Run polling for bot @crest_price_bot id=7688967629 - 'Coin Price Updates'
2025-09-09 15:57:28,607 - ERROR - Could not fetch balance for bingx: bingx requires "apiKey" credential
2025-09-09 15:57:28,709 - ERROR - Could not fetch balance for gate: gate requires "apiKey" credential
2025-09-09 15:57:28,771 - ERROR - Could not fetch balance for binance: binance requires "apiKey" credential
2025-09-09 15:57:28,771 - INFO - Account balances updated successfully.
2025-09-09 15:57:29,830 - INFO - [bybit] Reconnecting in 30 seconds...
2025-09-09 15:57:29,831 - INFO - [bybit] Reconnecting in 30 seconds...
2025-09-09 15:57:29,832 - INFO - [bybit] Reconnecting in 30 seconds...
2025-09-09 15:57:29,842 - INFO - [bybit] Reconnecting in 30 seconds...
2025-09-09 15:57:29,843 - INFO - [bybit] Reconnecting in 30 seconds...
2025-09-09 15:57:29,844 - INFO - [bybit] Reconnecting in 30 seconds...
2025-09-09 15:57:29,846 - INFO - [bybit] Reconnecting in 30 seconds...
2025-09-09 15:57:29,846 - INFO - [bybit] Reconnecting in 30 seconds...
2025-09-09 15:57:29,847 - INFO - [bybit] Reconnecting in 30 seconds...
2025-09-09 15:57:29,848 - INFO - [bybit] Reconnecting in 30 seconds...
2025-09-09 15:57:29,850 - INFO - [bybit] Reconnecting in 30 seconds...
2025-09-09 15:57:29,852 - INFO - [bybit] Reconnecting in 30 seconds...
2025-09-09 15:57:29,855 - INFO - [bybit] Reconnecting in 30 seconds...
2025-09-09 15:57:29,864 - INFO - [bybit] Reconnecting in 30 seconds...
2025-09-09 15:57:29,865 - INFO - [bybit] Reconnecting in 30 seconds...
2025-09-09 15:57:29,871 - INFO - [bybit] Reconnecting in 30 seconds...
2025-09-09 15:57:29,876 - INFO - [bybit] Reconnecting in 30 seconds...
2025-09-09 15:57:29,879 - INFO - [bybit] Reconnecting in 30 seconds...
2025-09-09 15:57:29,901 - INFO - [bybit] Reconnecting in 30 seconds...
2025-09-09 15:57:29,908 - INFO - [bybit] Reconnecting in 30 seconds...
2025-09-09 15:57:30,158 - INFO - [bingx] Reconnecting in 30 seconds...
2025-09-09 15:57:30,160 - INFO - [bingx] Reconnecting in 30 seconds...
2025-09-09 15:57:30,160 - INFO - [bingx] Reconnecting in 30 seconds...
2025-09-09 15:57:30,161 - INFO - [bingx] Reconnecting in 30 seconds...
2025-09-09 15:57:30,162 - INFO - [bingx] Reconnecting in 30 seconds...
2025-09-09 15:57:30,163 - INFO - [bingx] Reconnecting in 30 seconds...
2025-09-09 15:57:30,164 - INFO - [bingx] Reconnecting in 30 seconds...
2025-09-09 15:57:30,165 - INFO - [bingx] Reconnecting in 30 seconds...
2025-09-09 15:57:30,169 - INFO - [bingx] Reconnecting in 30 seconds...
2025-09-09 15:57:30,174 - INFO - [bingx] Reconnecting in 30 seconds...
2025-09-09 15:57:30,177 - INFO - [bingx] Reconnecting in 30 seconds...
2025-09-09 15:57:30,178 - INFO - [bingx] Reconnecting in 30 seconds...
2025-09-09 15:57:30,180 - INFO - [bingx] Reconnecting in 30 seconds...
2025-09-09 15:57:30,180 - INFO - [bingx] Reconnecting in 30 seconds...
2025-09-09 15:57:30,181 - INFO - [bingx] Reconnecting in 30 seconds...
2025-09-09 15:57:30,193 - INFO - [bingx] Reconnecting in 30 seconds...
2025-09-09 15:57:30,194 - INFO - [bingx] Reconnecting in 30 seconds...
2025-09-09 15:57:30,196 - INFO - [bingx] Reconnecting in 30 seconds...
2025-09-09 15:57:30,196 - INFO - [bingx] Reconnecting in 30 seconds...
2025-09-09 15:57:30,197 - INFO - [bingx] Reconnecting in 30 seconds...
2025-09-09 15:57:31,171 - INFO - [binance] Reconnecting in 30 seconds...
2025-09-09 15:57:31,171 - INFO - [binance] Reconnecting in 30 seconds...
2025-09-09 15:57:31,172 - INFO - [binance] Reconnecting in 30 seconds...
2025-09-09 15:57:31,173 - INFO - [binance] Reconnecting in 30 seconds...
2025-09-09 15:57:31,175 - INFO - [binance] Reconnecting in 30 seconds...
2025-09-09 15:57:31,175 - INFO - [binance] Reconnecting in 30 seconds...
2025-09-09 15:57:31,176 - INFO - [binance] Reconnecting in 30 seconds...
2025-09-09 15:57:31,178 - INFO - [binance] Reconnecting in 30 seconds...
2025-09-09 15:57:31,178 - INFO - [binance] Reconnecting in 30 seconds...
2025-09-09 15:57:31,180 - INFO - [binance] Reconnecting in 30 seconds...
2025-09-09 15:57:31,185 - INFO - [binance] Reconnecting in 30 seconds...
2025-09-09 15:57:31,186 - INFO - [binance] Reconnecting in 30 seconds...
2025-09-09 15:57:31,187 - INFO - [binance] Reconnecting in 30 seconds...
2025-09-09 15:57:31,192 - INFO - [binance] Reconnecting in 30 seconds...
2025-09-09 15:57:31,193 - INFO - [binance] Reconnecting in 30 seconds...
2025-09-09 15:57:31,194 - INFO - [binance] Reconnecting in 30 seconds...
2025-09-09 15:57:31,196 - INFO - [binance] Reconnecting in 30 seconds...
2025-09-09 15:57:31,199 - INFO - [binance] Reconnecting in 30 seconds...
2025-09-09 15:57:31,209 - INFO - [binance] Reconnecting in 30 seconds...
2025-09-09 15:57:31,210 - INFO - [binance] Reconnecting in 30 seconds...
2025-09-09 15:57:32,109 - INFO - [kucoin] Reconnecting in 30 seconds...
2025-09-09 15:57:32,112 - INFO - [kucoin] Reconnecting in 30 seconds...
2025-09-09 15:57:32,112 - INFO - [kucoin] Reconnecting in 30 seconds...
2025-09-09 15:57:32,113 - INFO - [kucoin] Reconnecting in 30 seconds...
2025-09-09 15:57:32,115 - INFO - [kucoin] Reconnecting in 30 seconds...
2025-09-09 15:57:32,115 - INFO - [kucoin] Reconnecting in 30 seconds...
2025-09-09 15:57:32,117 - INFO - [kucoin] Reconnecting in 30 seconds...
2025-09-09 15:57:32,119 - INFO - [kucoin] Reconnecting in 30 seconds...
2025-09-09 15:57:32,120 - INFO - [kucoin] Reconnecting in 30 seconds...
2025-09-09 15:57:32,121 - INFO - [kucoin] Reconnecting in 30 seconds...
2025-09-09 15:57:32,128 - INFO - [kucoin] Reconnecting in 30 seconds...
2025-09-09 15:57:32,133 - INFO - [kucoin] Reconnecting in 30 seconds...
2025-09-09 15:57:32,135 - INFO - [kucoin] Reconnecting in 30 seconds...
2025-09-09 15:57:32,137 - INFO - [kucoin] Reconnecting in 30 seconds...
2025-09-09 15:57:32,139 - INFO - [kucoin] Reconnecting in 30 seconds...
2025-09-09 15:57:32,145 - INFO - [kucoin] Reconnecting in 30 seconds...
2025-09-09 15:57:32,146 - INFO - [kucoin] Reconnecting in 30 seconds...
2025-09-09 15:57:32,151 - INFO - [kucoin] Reconnecting in 30 seconds...
2025-09-09 15:57:32,152 - INFO - [kucoin] Reconnecting in 30 seconds...
2025-09-09 15:57:32,153 - INFO - [kucoin] Reconnecting in 30 seconds...
2025-09-09 15:57:33,540 - INFO - [gate] Reconnecting in 30 seconds...
2025-09-09 15:57:33,542 - INFO - [gate] Reconnecting in 30 seconds...
2025-09-09 15:57:33,543 - INFO - [gate] Reconnecting in 30 seconds...
2025-09-09 15:57:33,544 - INFO - [gate] Reconnecting in 30 seconds...
2025-09-09 15:57:33,545 - INFO - [gate] Reconnecting in 30 seconds...
2025-09-09 15:57:33,546 - INFO - [gate] Reconnecting in 30 seconds...
2025-09-09 15:57:33,550 - INFO - [gate] Reconnecting in 30 seconds...
2025-09-09 15:57:33,552 - INFO - [gate] Reconnecting in 30 seconds...
2025-09-09 15:57:33,553 - INFO - [gate] Reconnecting in 30 seconds...
2025-09-09 15:57:33,556 - INFO - [gate] Reconnecting in 30 seconds...
2025-09-09 15:57:33,560 - INFO - [gate] Reconnecting in 30 seconds...
2025-09-09 15:57:33,561 - INFO - [gate] Reconnecting in 30 seconds...
2025-09-09 15:57:33,562 - INFO - [gate] Reconnecting in 30 seconds...
2025-09-09 15:57:33,567 - INFO - [gate] Reconnecting in 30 seconds...
2025-09-09 15:57:33,569 - INFO - [gate] Reconnecting in 30 seconds...
2025-09-09 15:57:33,570 - INFO - [gate] Reconnecting in 30 seconds...
2025-09-09 15:57:33,572 - INFO - [gate] Reconnecting in 30 seconds...
2025-09-09 15:57:33,576 - INFO - [gate] Reconnecting in 30 seconds...
2025-09-09 15:57:33,578 - INFO - [gate] Reconnecting in 30 seconds...
2025-09-09 15:57:33,579 - INFO - [gate] Reconnecting in 30 seconds...
2025-09-09 15:58:01,706 - INFO - [bybit] Reconnecting in 30 seconds...
2025-09-09 15:58:02,803 - INFO - [bingx] Reconnecting in 30 seconds...
2025-09-09 15:58:04,797 - INFO - [binance] Reconnecting in 30 seconds...
2025-09-09 15:58:05,998 - INFO - [kucoin] Reconnecting in 30 seconds...
2025-09-09 15:58:09,224 - INFO - [gate] Reconnecting in 30 seconds...
2025-09-09 15:58:34,135 - INFO - [bybit] Reconnecting in 30 seconds...
2025-09-09 15:58:34,954 - INFO - [bingx] Reconnecting in 30 seconds...
2025-09-09 15:58:38,412 - INFO - [binance] Reconnecting in 30 seconds...
2025-09-09 15:58:39,477 - INFO - [kucoin] Reconnecting in 30 seconds...
2025-09-09 15:58:44,414 - INFO - [gate] Reconnecting in 30 seconds...
2025-09-09 15:59:06,590 - INFO - [bybit] Reconnecting in 30 seconds...
2025-09-09 15:59:07,254 - INFO - [bingx] Reconnecting in 30 seconds...
2025-09-09 15:59:12,006 - INFO - [binance] Reconnecting in 30 seconds...
2025-09-09 15:59:12,875 - INFO - [kucoin] Reconnecting in 30 seconds...
2025-09-09 15:59:20,806 - INFO - [gate] Reconnecting in 30 seconds...
2025-09-09 20:52:27,323 - INFO - Initializing exchanges...
2025-09-09 20:52:27,397 - INFO - Running on http://0.0.0.0:5001 (CTRL + C to quit)
2025-09-09 20:53:11,349 - ERROR - Failed to initialize bybit: bybit GET https://api.bybit.com/v5/market/instruments-info?category=inverse&limit=1000
2025-09-09 20:53:22,308 - ERROR - Failed to initialize kucoin: kucoin GET https://api.kucoin.com/api/v3/currencies
2025-09-09 20:53:33,305 - ERROR - Failed to initialize bingx: bingx GET https://open-api.bingx.com/openApi/spot/v1/common/symbols?timestamp=1757447602573
2025-09-09 20:53:33,349 - WARNING - bingx requires to release all resources with an explicit call to the .close() coroutine. If you are using the exchange instance with async coroutines, add `await exchange.close()` to your code into a place when you're done with the exchange and don't need the exchange instance anymore (at the end of your async coroutine).
2025-09-09 20:53:33,355 - ERROR - Unclosed client session
client_session: <aiohttp.client.ClientSession object at 0x000002435A7B8250>
2025-09-09 20:53:44,311 - ERROR - Failed to initialize gate: gate GET https://api.gateio.ws/api/v4/spot/currencies
2025-09-09 20:53:45,245 - WARNING - gate requires to release all resources with an explicit call to the .close() coroutine. If you are using the exchange instance with async coroutines, add `await exchange.close()` to your code into a place when you're done with the exchange and don't need the exchange instance anymore (at the end of your async coroutine).
2025-09-09 20:53:45,245 - ERROR - Unclosed client session
client_session: <aiohttp.client.ClientSession object at 0x000002435AC44450>
2025-09-09 20:53:55,322 - ERROR - Failed to initialize binance: binance GET https://api.binance.com/api/v3/exchangeInfo
2025-09-09 20:53:55,324 - INFO - Starting all arbitrage scanners...
2025-09-09 20:53:55,328 - INFO - Initializing Cross-Exchange Arbitrage Engine...
2025-09-09 20:53:55,329 - ERROR - No exchanges configured. Stopping cross-exchange engine.
2025-09-09 20:53:55,335 - INFO - Starting Triangular Arbitrage Engine...
2025-09-09 20:53:55,337 - ERROR - No exchanges configured for triangular arbitrage
2025-09-09 20:53:55,344 - INFO - Start polling
2025-09-09 20:54:03,321 - INFO - Run polling for bot @crest_price_bot id=7688967629 - 'Coin Price Updates'
2025-09-09 20:54:03,325 - WARNING - kucoin requires to release all resources with an explicit call to the .close() coroutine. If you are using the exchange instance with async coroutines, add `await exchange.close()` to your code into a place when you're done with the exchange and don't need the exchange instance anymore (at the end of your async coroutine).
2025-09-09 20:54:03,326 - ERROR - Unclosed client session
client_session: <aiohttp.client.ClientSession object at 0x000002435A7BE990>
2025-09-09 20:54:55,341 - INFO - Updating account balances...
2025-09-09 20:54:55,342 - INFO - Account balances updated successfully.
2025-09-09 20:59:22,040 - INFO - Initializing exchanges...
2025-09-09 20:59:22,345 - INFO - Running on http://0.0.0.0:5001 (CTRL + C to quit)
2025-09-09 20:59:22,361 - ERROR - Failed to fetch exchange configurations from base44: Cannot connect to host app.base44.com:443 ssl:default [DNS server returned general failure]
2025-09-09 20:59:22,387 - INFO - Starting all arbitrage scanners...
2025-09-09 20:59:22,389 - INFO - Initializing Cross-Exchange Arbitrage Engine...
2025-09-09 20:59:22,391 - ERROR - No exchanges configured. Stopping cross-exchange engine.
2025-09-09 20:59:22,465 - INFO - Starting Triangular Arbitrage Engine...
2025-09-09 20:59:22,516 - ERROR - No exchanges configured for triangular arbitrage
2025-09-09 20:59:22,558 - INFO - Start polling
2025-09-09 20:59:22,657 - ERROR - Failed to fetch exchange configurations from base44: Cannot connect to host app.base44.com:443 ssl:default [DNS server returned general failure]
2025-09-09 20:59:22,688 - INFO - Polling stopped
2025-09-09 20:59:22,752 - ERROR - Failed to fetch exchange configurations from base44: Cannot connect to host app.base44.com:443 ssl:default [DNS server returned general failure]
2025-09-09 20:59:23,012 - ERROR - Failed to fetch exchange configurations from base44: Cannot connect to host app.base44.com:443 ssl:default [DNS server returned general failure]
2025-09-09 20:59:23,207 - ERROR - Failed to fetch exchange configurations from base44: Cannot connect to host app.base44.com:443 ssl:default [DNS server returned general failure]
2025-09-09 20:59:23,667 - ERROR - Failed to fetch exchange configurations from base44: Cannot connect to host app.base44.com:443 ssl:default [DNS server returned general failure]
2025-09-09 21:00:26,395 - INFO - Initializing exchanges...
2025-09-09 21:00:26,531 - INFO - Running on http://0.0.0.0:5001 (CTRL + C to quit)
2025-09-09 21:01:01,252 - ERROR - Failed to fetch exchange configurations from base44: Cannot connect to host app.base44.com:443 ssl:default [Timeout while contacting DNS servers]
2025-09-09 21:01:01,253 - INFO - Starting all arbitrage scanners...
2025-09-09 21:01:01,256 - INFO - Initializing Cross-Exchange Arbitrage Engine...
2025-09-09 21:01:01,257 - ERROR - No exchanges configured. Stopping cross-exchange engine.
2025-09-09 21:01:01,257 - INFO - Starting Triangular Arbitrage Engine...
2025-09-09 21:01:01,258 - ERROR - No exchanges configured for triangular arbitrage
2025-09-09 21:01:01,305 - INFO - Start polling
2025-09-09 21:02:07,854 - INFO - Initializing exchanges...
2025-09-09 21:02:07,975 - INFO - Running on http://0.0.0.0:5001 (CTRL + C to quit)
2025-09-09 21:02:40,064 - ERROR - Failed to fetch exchange configurations from base44: Cannot connect to host app.base44.com:443 ssl:default [Timeout while contacting DNS servers]
2025-09-09 21:02:40,064 - INFO - Starting all arbitrage scanners...
2025-09-09 21:02:40,067 - INFO - Initializing Cross-Exchange Arbitrage Engine...
2025-09-09 21:02:40,068 - ERROR - No exchanges configured. Stopping cross-exchange engine.
2025-09-09 21:02:40,069 - INFO - Starting Triangular Arbitrage Engine...
2025-09-09 21:02:40,070 - ERROR - No exchanges configured for triangular arbitrage
2025-09-09 21:02:40,071 - INFO - Start polling
2025-09-09 21:03:11,350 - INFO - Polling stopped
2025-09-09 21:40:52,789 - ERROR - Failed to fetch exchange configurations from base44: Cannot connect to host app.base44.com:443 ssl:default [Could not contact DNS servers]
2025-09-09 21:41:30,400 - ERROR - Failed to fetch exchange configurations from base44: Cannot connect to host app.base44.com:443 ssl:default [DNS server returned general failure]
2025-09-09 21:42:49,608 - ERROR - Failed to fetch exchange configurations from base44: Cannot connect to host app.base44.com:443 ssl:default [DNS server returned general failure]
2025-09-09 21:52:10,003 - ERROR - Failed to fetch exchange configurations from base44: Cannot connect to host app.base44.com:443 ssl:default [The semaphore timeout period has expired]
2025-09-09 22:04:34,362 - ERROR - Failed to fetch exchange configurations from base44: Cannot serialize non-str key None
2025-09-09 22:06:44,327 - INFO - Initializing exchanges...
2025-09-09 22:06:44,388 - INFO - Running on http://0.0.0.0:5001 (CTRL + C to quit)
2025-09-09 22:06:51,587 - INFO - Successfully initialized bybit
2025-09-09 22:06:56,667 - INFO - Successfully initialized kucoin
2025-09-09 22:06:59,719 - INFO - Successfully initialized bingx
2025-09-09 22:07:24,759 - INFO - Successfully initialized gate
2025-09-09 22:07:35,338 - ERROR - Failed to initialize binance: binance GET https://api.binance.com/api/v3/exchangeInfo
2025-09-09 22:07:35,339 - INFO - Starting all arbitrage scanners...
2025-09-09 22:07:35,342 - INFO - Initializing Cross-Exchange Arbitrage Engine...
2025-09-09 22:07:35,344 - INFO - Starting cross-exchange price streams...
2025-09-09 22:07:35,346 - INFO - Starting Triangular Arbitrage Engine...
2025-09-09 22:07:35,348 - INFO - Initialized 4 exchanges: ['bybit', 'kucoin', 'bingx', 'gate']
2025-09-09 22:07:35,351 - INFO - Starting triangular opportunity scanning...
2025-09-09 22:07:35,355 - INFO - Start polling
2025-09-09 22:07:35,359 - INFO - [bybit] Initializing triangular scanner...
2025-09-09 22:07:35,371 - INFO - [bybit] Found 663 active spot markets.
2025-09-09 22:07:35,981 - INFO - [bybit] Generated 657 total triangular paths.
2025-09-09 22:07:35,983 - INFO - [bybit] Filtered to 651 priority paths.
2025-09-09 22:07:35,997 - INFO - [bybit] Generated 651 paths across 251 symbols.
2025-09-09 22:07:35,999 - INFO - [kucoin] Initializing triangular scanner...
2025-09-09 22:07:36,001 - INFO - [kucoin] Found 1295 active spot markets.
2025-09-09 22:07:38,474 - INFO - [kucoin] Generated 1129 total triangular paths.
2025-09-09 22:07:38,500 - INFO - [kucoin] Filtered to 1129 priority paths.
2025-09-09 22:07:38,500 - INFO - [kucoin] Generated 1129 paths across 365 symbols.
2025-09-09 22:07:38,500 - INFO - [bingx] Initializing triangular scanner...
2025-09-09 22:07:38,512 - INFO - [bingx] Found 957 active spot markets.
2025-09-09 22:07:40,368 - INFO - [bingx] Generated 69 total triangular paths.
2025-09-09 22:07:40,368 - INFO - [bingx] Filtered to 69 priority paths.
2025-09-09 22:07:40,368 - INFO - [bingx] Generated 69 paths across 44 symbols.
2025-09-09 22:07:40,368 - INFO - [gate] Initializing triangular scanner...
2025-09-09 22:07:40,368 - INFO - [gate] Found 2654 active spot markets.
2025-09-09 22:07:53,738 - INFO - [gate] Generated 567 total triangular paths.
2025-09-09 22:07:53,747 - INFO - [gate] Filtered to 567 priority paths.
2025-09-09 22:07:53,751 - INFO - [gate] Generated 567 paths across 271 symbols.
2025-09-09 22:07:55,262 - INFO - Run polling for bot @crest_price_bot id=7688967629 - 'Coin Price Updates'
2025-09-09 22:08:04,984 - WARNING - [gate] Error in symbol watcher for ENA/USDC: gate nonce is behind cache after 3 tries.
2025-09-09 22:08:05,010 - WARNING - [gate] Error in symbol watcher for B/USDT: Connection closed by remote server, closing code 1006
2025-09-09 22:08:05,013 - WARNING - [gate] Error in symbol watcher for BCH/USDC: Connection closed by remote server, closing code 1006
2025-09-09 22:08:05,013 - WARNING - [gate] Error in symbol watcher for CRV/USDC: Connection closed by remote server, closing code 1006
2025-09-09 22:08:05,013 - WARNING - [gate] Error in symbol watcher for BTRST/USDT: Connection closed by remote server, closing code 1006
2025-09-09 22:08:05,013 - WARNING - [gate] Error in symbol watcher for WNCG/BTC: Connection closed by remote server, closing code 1006
2025-09-09 22:08:05,026 - WARNING - [gate] Error in symbol watcher for CVC/ETH: Connection closed by remote server, closing code 1006
2025-09-09 22:08:05,028 - WARNING - [gate] Error in symbol watcher for STRK/USDC: Connection closed by remote server, closing code 1006
2025-09-09 22:08:05,029 - WARNING - [gate] Error in symbol watcher for NEAR/USDT: Connection closed by remote server, closing code 1006
2025-09-09 22:08:05,030 - WARNING - [gate] Error in symbol watcher for FIL/USDC: Connection closed by remote server, closing code 1006
2025-09-09 22:08:05,030 - WARNING - [gate] Error in symbol watcher for XRP/USDC: Connection closed by remote server, closing code 1006
2025-09-09 22:08:05,032 - WARNING - [gate] Error in symbol watcher for LINK/USDC: Connection closed by remote server, closing code 1006
2025-09-09 22:08:05,032 - WARNING - [gate] Error in symbol watcher for LINK/ETH: Connection closed by remote server, closing code 1006
2025-09-09 22:08:05,035 - WARNING - [gate] Error in symbol watcher for AR/USDC: Connection closed by remote server, closing code 1006
2025-09-09 22:08:05,036 - WARNING - [gate] Error in symbol watcher for RUNE/USDT: Connection closed by remote server, closing code 1006
2025-09-09 22:08:05,040 - WARNING - [gate] Error in symbol watcher for CFX/USDT: Connection closed by remote server, closing code 1006
2025-09-09 22:08:05,044 - WARNING - [gate] Error in symbol watcher for PEPE/USDC: Connection closed by remote server, closing code 1006
2025-09-09 22:08:05,044 - WARNING - [gate] Error in symbol watcher for SEI/USDT: Connection closed by remote server, closing code 1006
2025-09-09 22:08:05,046 - WARNING - [gate] Error in symbol watcher for ARKM/USDT: Connection closed by remote server, closing code 1006
2025-09-09 22:08:05,047 - WARNING - [gate] Error in symbol watcher for ETH/USDT: Connection closed by remote server, closing code 1006
2025-09-09 22:08:05,306 - INFO - [gate] Reconnecting in 30 seconds...
2025-09-09 22:08:05,307 - INFO - [gate] Reconnecting in 30 seconds...
2025-09-09 22:08:05,308 - INFO - [gate] Reconnecting in 30 seconds...
2025-09-09 22:08:05,308 - INFO - [gate] Reconnecting in 30 seconds...
2025-09-09 22:08:05,309 - INFO - [gate] Reconnecting in 30 seconds...
2025-09-09 22:08:05,309 - INFO - [gate] Reconnecting in 30 seconds...
2025-09-09 22:08:05,310 - INFO - [gate] Reconnecting in 30 seconds...
2025-09-09 22:08:05,310 - INFO - [gate] Reconnecting in 30 seconds...
2025-09-09 22:08:05,311 - INFO - [gate] Reconnecting in 30 seconds...
2025-09-09 22:08:05,311 - INFO - [gate] Reconnecting in 30 seconds...
2025-09-09 22:08:05,312 - INFO - [gate] Reconnecting in 30 seconds...
2025-09-09 22:08:05,313 - INFO - [gate] Reconnecting in 30 seconds...
2025-09-09 22:08:05,314 - INFO - [gate] Reconnecting in 30 seconds...
2025-09-09 22:08:05,315 - INFO - [gate] Reconnecting in 30 seconds...
2025-09-09 22:08:05,316 - INFO - [gate] Reconnecting in 30 seconds...
2025-09-09 22:08:05,317 - INFO - [gate] Reconnecting in 30 seconds...
2025-09-09 22:08:05,317 - INFO - [gate] Reconnecting in 30 seconds...
2025-09-09 22:08:05,318 - INFO - [gate] Reconnecting in 30 seconds...
2025-09-09 22:08:05,319 - INFO - [gate] Reconnecting in 30 seconds...
2025-09-09 22:08:05,320 - INFO - [gate] Reconnecting in 30 seconds...
2025-09-09 22:08:35,336 - INFO - Updating account balances...
2025-09-09 22:08:35,520 - ERROR - Could not fetch balance for bybit: bybit requires "apiKey" credential
2025-09-09 22:08:35,572 - ERROR - Could not fetch balance for kucoin: kucoin requires "apiKey" credential
2025-09-09 22:08:35,668 - ERROR - Could not fetch balance for bingx: bingx requires "apiKey" credential
2025-09-09 22:08:35,857 - ERROR - Could not fetch balance for gate: gate requires "apiKey" credential
2025-09-09 22:08:35,857 - INFO - Account balances updated successfully.
2025-09-09 22:08:58,495 - WARNING - binance requires to release all resources with an explicit call to the .close() coroutine. If you are using the exchange instance with async coroutines, add `await exchange.close()` to your code into a place when you're done with the exchange and don't need the exchange instance anymore (at the end of your async coroutine).
2025-09-09 22:08:58,495 - ERROR - Unclosed client session
client_session: <aiohttp.client.ClientSession object at 0x00000261E4619150>
2025-09-09 22:13:35,878 - INFO - Updating account balances...
2025-09-09 22:13:35,995 - ERROR - Could not fetch balance for bybit: bybit requires "apiKey" credential
2025-09-09 22:13:36,052 - ERROR - Could not fetch balance for kucoin: kucoin requires "apiKey" credential
2025-09-09 22:13:36,265 - ERROR - Could not fetch balance for bingx: bingx requires "apiKey" credential
2025-09-09 22:13:36,326 - ERROR - Could not fetch balance for gate: gate requires "apiKey" credential
2025-09-09 22:13:36,327 - INFO - Account balances updated successfully.
2025-09-09 22:16:38,669 - INFO - Initializing exchanges...
2025-09-09 22:16:38,718 - INFO - Running on http://0.0.0.0:5001 (CTRL + C to quit)
2025-09-09 22:16:45,074 - INFO - Successfully initialized bybit
2025-09-09 22:16:50,665 - INFO - Successfully initialized kucoin
2025-09-09 22:16:56,393 - INFO - Successfully initialized bingx
2025-09-09 22:17:16,331 - ERROR - Failed to initialize gate: gate GET https://api.gateio.ws/api/v4/futures/usdt/contracts
2025-09-09 22:17:23,904 - INFO - Successfully initialized binance
2025-09-09 22:17:23,907 - INFO - Starting all arbitrage scanners...
2025-09-09 22:17:23,908 - INFO - Initializing Cross-Exchange Arbitrage Engine...
2025-09-09 22:17:23,908 - INFO - Starting cross-exchange price streams...
2025-09-09 22:17:23,909 - INFO - Starting Triangular Arbitrage Engine...
2025-09-09 22:17:23,909 - INFO - Initialized 4 exchanges: ['bybit', 'kucoin', 'bingx', 'binance']
2025-09-09 22:17:23,910 - INFO - Starting triangular opportunity scanning...
2025-09-09 22:17:23,912 - INFO - Start polling
2025-09-09 22:17:23,913 - INFO - [bybit] Initializing triangular scanner...
2025-09-09 22:17:23,916 - INFO - [bybit] Found 663 active spot markets.
2025-09-09 22:17:24,536 - INFO - [bybit] Generated 657 total triangular paths.
2025-09-09 22:17:24,552 - INFO - [bybit] Filtered to 651 priority paths.
2025-09-09 22:17:24,556 - INFO - [bybit] Generated 651 paths across 251 symbols.
2025-09-09 22:17:24,558 - INFO - [kucoin] Initializing triangular scanner...
2025-09-09 22:17:24,562 - INFO - [kucoin] Found 1295 active spot markets.
2025-09-09 22:17:27,456 - INFO - [kucoin] Generated 1129 total triangular paths.
2025-09-09 22:17:27,495 - INFO - [kucoin] Filtered to 1129 priority paths.
2025-09-09 22:17:27,510 - INFO - [kucoin] Generated 1129 paths across 365 symbols.
2025-09-09 22:17:27,511 - INFO - [bingx] Initializing triangular scanner...
2025-09-09 22:17:27,514 - INFO - [bingx] Found 957 active spot markets.
2025-09-09 22:17:29,721 - INFO - [bingx] Generated 69 total triangular paths.
2025-09-09 22:17:29,721 - INFO - [bingx] Filtered to 69 priority paths.
2025-09-09 22:17:29,721 - INFO - [bingx] Generated 69 paths across 44 symbols.
2025-09-09 22:17:29,721 - INFO - [binance] Initializing triangular scanner...
2025-09-09 22:17:29,738 - INFO - [binance] Found 1519 active spot markets.
2025-09-09 22:17:30,625 - INFO - [binance] Generated 7587 total triangular paths.
2025-09-09 22:17:30,782 - INFO - [binance] Filtered to 7167 priority paths.
2025-09-09 22:17:30,806 - INFO - [binance] Generated 7167 paths across 1473 symbols.
2025-09-09 22:17:31,927 - INFO - Run polling for bot @crest_price_bot id=7688967629 - 'Coin Price Updates'
2025-09-09 22:18:23,909 - INFO - Updating account balances...
2025-09-09 22:18:23,998 - ERROR - Could not fetch balance for bybit: bybit requires "apiKey" credential
2025-09-09 22:18:24,098 - ERROR - Could not fetch balance for kucoin: kucoin requires "apiKey" credential
2025-09-09 22:18:24,196 - ERROR - Could not fetch balance for bingx: bingx requires "apiKey" credential
2025-09-09 22:18:24,694 - ERROR - Could not fetch balance for binance: binance requires "apiKey" credential
2025-09-09 22:18:24,694 - INFO - Account balances updated successfully.
2025-09-09 22:23:24,904 - INFO - Updating account balances...
2025-09-09 22:23:26,245 - ERROR - Could not fetch balance for bybit: bybit requires "apiKey" credential
2025-09-09 22:23:26,380 - ERROR - Could not fetch balance for kucoin: kucoin requires "apiKey" credential
2025-09-09 22:23:26,608 - ERROR - Could not fetch balance for bingx: bingx requires "apiKey" credential
2025-09-09 22:23:26,832 - ERROR - Could not fetch balance for binance: binance requires "apiKey" credential
2025-09-09 22:23:26,832 - INFO - Account balances updated successfully.
2025-09-09 22:28:26,832 - INFO - Updating account balances...
2025-09-09 22:28:26,946 - ERROR - Could not fetch balance for bybit: bybit requires "apiKey" credential
2025-09-09 22:28:27,022 - ERROR - Could not fetch balance for kucoin: kucoin requires "apiKey" credential
2025-09-09 22:28:27,213 - ERROR - Could not fetch balance for bingx: bingx requires "apiKey" credential
2025-09-09 22:28:27,419 - ERROR - Could not fetch balance for binance: binance requires "apiKey" credential
2025-09-09 22:28:27,421 - INFO - Account balances updated successfully.
2025-09-09 22:30:10,785 - WARNING - [kucoin] Error in symbol watcher for CTSI/BTC: Connection to wss://ws-api-spot.kucoin.com/?token=2neAiuYvAU61ZDXANAGAsiL4-iAExhsBXZxftpOeh_55i3Ysy2q2LEsEWU64mdzUOPusi34M_wGoSf7iNyEWJ0R9XtuOROv64UwbyBxqHb9aLk-qJqqptNiYB9J6i9GjsxUuhPw3Blq6rhZlGykT3Vp1phUafnulOOpts-MEmEHT-H6TK2jJZAyUvt4HE-ITJBvJHl5Vs9Y%3D.rituRwbxn-xxPIT6iqKZvA%3D%3D&privateChannel=false&connectId=public timed out due to a ping-pong keepalive missing on time
2025-09-09 22:30:10,787 - WARNING - [kucoin] Error in symbol watcher for ELA/BTC: Connection to wss://ws-api-spot.kucoin.com/?token=2neAiuYvAU61ZDXANAGAsiL4-iAExhsBXZxftpOeh_55i3Ysy2q2LEsEWU64mdzUOPusi34M_wGoSf7iNyEWJ0R9XtuOROv64UwbyBxqHb9aLk-qJqqptNiYB9J6i9GjsxUuhPw3Blq6rhZlGykT3Vp1phUafnulOOpts-MEmEHT-H6TK2jJZAyUvt4HE-ITJBvJHl5Vs9Y%3D.rituRwbxn-xxPIT6iqKZvA%3D%3D&privateChannel=false&connectId=public timed out due to a ping-pong keepalive missing on time
2025-09-09 22:30:10,788 - WARNING - [kucoin] Error in symbol watcher for BTC/EUR: Connection to wss://ws-api-spot.kucoin.com/?token=2neAiuYvAU61ZDXANAGAsiL4-iAExhsBXZxftpOeh_55i3Ysy2q2LEsEWU64mdzUOPusi34M_wGoSf7iNyEWJ0R9XtuOROv64UwbyBxqHb9aLk-qJqqptNiYB9J6i9GjsxUuhPw3Blq6rhZlGykT3Vp1phUafnulOOpts-MEmEHT-H6TK2jJZAyUvt4HE-ITJBvJHl5Vs9Y%3D.rituRwbxn-xxPIT6iqKZvA%3D%3D&privateChannel=false&connectId=public timed out due to a ping-pong keepalive missing on time
2025-09-09 22:30:10,790 - WARNING - [kucoin] Error in symbol watcher for WIN/BTC: Connection to wss://ws-api-spot.kucoin.com/?token=2neAiuYvAU61ZDXANAGAsiL4-iAExhsBXZxftpOeh_55i3Ysy2q2LEsEWU64mdzUOPusi34M_wGoSf7iNyEWJ0R9XtuOROv64UwbyBxqHb9aLk-qJqqptNiYB9J6i9GjsxUuhPw3Blq6rhZlGykT3Vp1phUafnulOOpts-MEmEHT-H6TK2jJZAyUvt4HE-ITJBvJHl5Vs9Y%3D.rituRwbxn-xxPIT6iqKZvA%3D%3D&privateChannel=false&connectId=public timed out due to a ping-pong keepalive missing on time
2025-09-09 22:30:10,791 - WARNING - [kucoin] Error in symbol watcher for SXP/BTC: Connection to wss://ws-api-spot.kucoin.com/?token=2neAiuYvAU61ZDXANAGAsiL4-iAExhsBXZxftpOeh_55i3Ysy2q2LEsEWU64mdzUOPusi34M_wGoSf7iNyEWJ0R9XtuOROv64UwbyBxqHb9aLk-qJqqptNiYB9J6i9GjsxUuhPw3Blq6rhZlGykT3Vp1phUafnulOOpts-MEmEHT-H6TK2jJZAyUvt4HE-ITJBvJHl5Vs9Y%3D.rituRwbxn-xxPIT6iqKZvA%3D%3D&privateChannel=false&connectId=public timed out due to a ping-pong keepalive missing on time
2025-09-09 22:30:10,794 - WARNING - [kucoin] Error in symbol watcher for FLOKI/USDC: Connection to wss://ws-api-spot.kucoin.com/?token=2neAiuYvAU61ZDXANAGAsiL4-iAExhsBXZxftpOeh_55i3Ysy2q2LEsEWU64mdzUOPusi34M_wGoSf7iNyEWJ0R9XtuOROv64UwbyBxqHb9aLk-qJqqptNiYB9J6i9GjsxUuhPw3Blq6rhZlGykT3Vp1phUafnulOOpts-MEmEHT-H6TK2jJZAyUvt4HE-ITJBvJHl5Vs9Y%3D.rituRwbxn-xxPIT6iqKZvA%3D%3D&privateChannel=false&connectId=public timed out due to a ping-pong keepalive missing on time
2025-09-09 22:30:10,795 - WARNING - [kucoin] Error in symbol watcher for INJ/USDC: Connection to wss://ws-api-spot.kucoin.com/?token=2neAiuYvAU61ZDXANAGAsiL4-iAExhsBXZxftpOeh_55i3Ysy2q2LEsEWU64mdzUOPusi34M_wGoSf7iNyEWJ0R9XtuOROv64UwbyBxqHb9aLk-qJqqptNiYB9J6i9GjsxUuhPw3Blq6rhZlGykT3Vp1phUafnulOOpts-MEmEHT-H6TK2jJZAyUvt4HE-ITJBvJHl5Vs9Y%3D.rituRwbxn-xxPIT6iqKZvA%3D%3D&privateChannel=false&connectId=public timed out due to a ping-pong keepalive missing on time
2025-09-09 22:30:10,798 - WARNING - [kucoin] Error in symbol watcher for DASH/BTC: Connection to wss://ws-api-spot.kucoin.com/?token=2neAiuYvAU61ZDXANAGAsiL4-iAExhsBXZxftpOeh_55i3Ysy2q2LEsEWU64mdzUOPusi34M_wGoSf7iNyEWJ0R9XtuOROv64UwbyBxqHb9aLk-qJqqptNiYB9J6i9GjsxUuhPw3Blq6rhZlGykT3Vp1phUafnulOOpts-MEmEHT-H6TK2jJZAyUvt4HE-ITJBvJHl5Vs9Y%3D.rituRwbxn-xxPIT6iqKZvA%3D%3D&privateChannel=false&connectId=public timed out due to a ping-pong keepalive missing on time
2025-09-09 22:30:10,802 - WARNING - [kucoin] Error in symbol watcher for VRA/USDC: Connection to wss://ws-api-spot.kucoin.com/?token=2neAiuYvAU61ZDXANAGAsiL4-iAExhsBXZxftpOeh_55i3Ysy2q2LEsEWU64mdzUOPusi34M_wGoSf7iNyEWJ0R9XtuOROv64UwbyBxqHb9aLk-qJqqptNiYB9J6i9GjsxUuhPw3Blq6rhZlGykT3Vp1phUafnulOOpts-MEmEHT-H6TK2jJZAyUvt4HE-ITJBvJHl5Vs9Y%3D.rituRwbxn-xxPIT6iqKZvA%3D%3D&privateChannel=false&connectId=public timed out due to a ping-pong keepalive missing on time
2025-09-09 22:30:10,810 - WARNING - [kucoin] Error in symbol watcher for OP/USDT: Connection to wss://ws-api-spot.kucoin.com/?token=2neAiuYvAU61ZDXANAGAsiL4-iAExhsBXZxftpOeh_55i3Ysy2q2LEsEWU64mdzUOPusi34M_wGoSf7iNyEWJ0R9XtuOROv64UwbyBxqHb9aLk-qJqqptNiYB9J6i9GjsxUuhPw3Blq6rhZlGykT3Vp1phUafnulOOpts-MEmEHT-H6TK2jJZAyUvt4HE-ITJBvJHl5Vs9Y%3D.rituRwbxn-xxPIT6iqKZvA%3D%3D&privateChannel=false&connectId=public timed out due to a ping-pong keepalive missing on time
2025-09-09 22:30:10,814 - WARNING - [kucoin] Error in symbol watcher for KDA/BTC: Connection to wss://ws-api-spot.kucoin.com/?token=2neAiuYvAU61ZDXANAGAsiL4-iAExhsBXZxftpOeh_55i3Ysy2q2LEsEWU64mdzUOPusi34M_wGoSf7iNyEWJ0R9XtuOROv64UwbyBxqHb9aLk-qJqqptNiYB9J6i9GjsxUuhPw3Blq6rhZlGykT3Vp1phUafnulOOpts-MEmEHT-H6TK2jJZAyUvt4HE-ITJBvJHl5Vs9Y%3D.rituRwbxn-xxPIT6iqKZvA%3D%3D&privateChannel=false&connectId=public timed out due to a ping-pong keepalive missing on time
2025-09-09 22:30:10,827 - WARNING - [kucoin] Error in symbol watcher for TFUEL/USDT: Connection to wss://ws-api-spot.kucoin.com/?token=2neAiuYvAU61ZDXANAGAsiL4-iAExhsBXZxftpOeh_55i3Ysy2q2LEsEWU64mdzUOPusi34M_wGoSf7iNyEWJ0R9XtuOROv64UwbyBxqHb9aLk-qJqqptNiYB9J6i9GjsxUuhPw3Blq6rhZlGykT3Vp1phUafnulOOpts-MEmEHT-H6TK2jJZAyUvt4HE-ITJBvJHl5Vs9Y%3D.rituRwbxn-xxPIT6iqKZvA%3D%3D&privateChannel=false&connectId=public timed out due to a ping-pong keepalive missing on time
2025-09-09 22:30:10,843 - WARNING - [kucoin] Error in symbol watcher for DASH/ETH: Connection to wss://ws-api-spot.kucoin.com/?token=2neAiuYvAU61ZDXANAGAsiL4-iAExhsBXZxftpOeh_55i3Ysy2q2LEsEWU64mdzUOPusi34M_wGoSf7iNyEWJ0R9XtuOROv64UwbyBxqHb9aLk-qJqqptNiYB9J6i9GjsxUuhPw3Blq6rhZlGykT3Vp1phUafnulOOpts-MEmEHT-H6TK2jJZAyUvt4HE-ITJBvJHl5Vs9Y%3D.rituRwbxn-xxPIT6iqKZvA%3D%3D&privateChannel=false&connectId=public timed out due to a ping-pong keepalive missing on time
2025-09-09 22:30:10,845 - WARNING - [kucoin] Error in symbol watcher for ONT/ETH: Connection to wss://ws-api-spot.kucoin.com/?token=2neAiuYvAU61ZDXANAGAsiL4-iAExhsBXZxftpOeh_55i3Ysy2q2LEsEWU64mdzUOPusi34M_wGoSf7iNyEWJ0R9XtuOROv64UwbyBxqHb9aLk-qJqqptNiYB9J6i9GjsxUuhPw3Blq6rhZlGykT3Vp1phUafnulOOpts-MEmEHT-H6TK2jJZAyUvt4HE-ITJBvJHl5Vs9Y%3D.rituRwbxn-xxPIT6iqKZvA%3D%3D&privateChannel=false&connectId=public timed out due to a ping-pong keepalive missing on time
2025-09-09 22:30:10,846 - WARNING - [kucoin] Error in symbol watcher for LTC/USDT: Connection to wss://ws-api-spot.kucoin.com/?token=2neAiuYvAU61ZDXANAGAsiL4-iAExhsBXZxftpOeh_55i3Ysy2q2LEsEWU64mdzUOPusi34M_wGoSf7iNyEWJ0R9XtuOROv64UwbyBxqHb9aLk-qJqqptNiYB9J6i9GjsxUuhPw3Blq6rhZlGykT3Vp1phUafnulOOpts-MEmEHT-H6TK2jJZAyUvt4HE-ITJBvJHl5Vs9Y%3D.rituRwbxn-xxPIT6iqKZvA%3D%3D&privateChannel=false&connectId=public timed out due to a ping-pong keepalive missing on time
2025-09-09 22:30:10,848 - WARNING - [kucoin] Error in symbol watcher for DOT/USDT: Connection to wss://ws-api-spot.kucoin.com/?token=2neAiuYvAU61ZDXANAGAsiL4-iAExhsBXZxftpOeh_55i3Ysy2q2LEsEWU64mdzUOPusi34M_wGoSf7iNyEWJ0R9XtuOROv64UwbyBxqHb9aLk-qJqqptNiYB9J6i9GjsxUuhPw3Blq6rhZlGykT3Vp1phUafnulOOpts-MEmEHT-H6TK2jJZAyUvt4HE-ITJBvJHl5Vs9Y%3D.rituRwbxn-xxPIT6iqKZvA%3D%3D&privateChannel=false&connectId=public timed out due to a ping-pong keepalive missing on time
2025-09-09 22:30:10,857 - WARNING - [kucoin] Error in symbol watcher for SHIB/USDC: Connection to wss://ws-api-spot.kucoin.com/?token=2neAiuYvAU61ZDXANAGAsiL4-iAExhsBXZxftpOeh_55i3Ysy2q2LEsEWU64mdzUOPusi34M_wGoSf7iNyEWJ0R9XtuOROv64UwbyBxqHb9aLk-qJqqptNiYB9J6i9GjsxUuhPw3Blq6rhZlGykT3Vp1phUafnulOOpts-MEmEHT-H6TK2jJZAyUvt4HE-ITJBvJHl5Vs9Y%3D.rituRwbxn-xxPIT6iqKZvA%3D%3D&privateChannel=false&connectId=public timed out due to a ping-pong keepalive missing on time
2025-09-09 22:30:10,860 - WARNING - [kucoin] Error in symbol watcher for GMT/USDT: Connection to wss://ws-api-spot.kucoin.com/?token=2neAiuYvAU61ZDXANAGAsiL4-iAExhsBXZxftpOeh_55i3Ysy2q2LEsEWU64mdzUOPusi34M_wGoSf7iNyEWJ0R9XtuOROv64UwbyBxqHb9aLk-qJqqptNiYB9J6i9GjsxUuhPw3Blq6rhZlGykT3Vp1phUafnulOOpts-MEmEHT-H6TK2jJZAyUvt4HE-ITJBvJHl5Vs9Y%3D.rituRwbxn-xxPIT6iqKZvA%3D%3D&privateChannel=false&connectId=public timed out due to a ping-pong keepalive missing on time
2025-09-09 22:30:10,860 - WARNING - [kucoin] Error in symbol watcher for ADA/BTC: Connection to wss://ws-api-spot.kucoin.com/?token=2neAiuYvAU61ZDXANAGAsiL4-iAExhsBXZxftpOeh_55i3Ysy2q2LEsEWU64mdzUOPusi34M_wGoSf7iNyEWJ0R9XtuOROv64UwbyBxqHb9aLk-qJqqptNiYB9J6i9GjsxUuhPw3Blq6rhZlGykT3Vp1phUafnulOOpts-MEmEHT-H6TK2jJZAyUvt4HE-ITJBvJHl5Vs9Y%3D.rituRwbxn-xxPIT6iqKZvA%3D%3D&privateChannel=false&connectId=public timed out due to a ping-pong keepalive missing on time
2025-09-09 22:30:10,860 - WARNING - [kucoin] Error in symbol watcher for SOL/USDC: Connection to wss://ws-api-spot.kucoin.com/?token=2neAiuYvAU61ZDXANAGAsiL4-iAExhsBXZxftpOeh_55i3Ysy2q2LEsEWU64mdzUOPusi34M_wGoSf7iNyEWJ0R9XtuOROv64UwbyBxqHb9aLk-qJqqptNiYB9J6i9GjsxUuhPw3Blq6rhZlGykT3Vp1phUafnulOOpts-MEmEHT-H6TK2jJZAyUvt4HE-ITJBvJHl5Vs9Y%3D.rituRwbxn-xxPIT6iqKZvA%3D%3D&privateChannel=false&connectId=public timed out due to a ping-pong keepalive missing on time
2025-09-09 22:30:11,121 - INFO - [kucoin] Reconnecting in 30 seconds...
2025-09-09 22:30:11,122 - INFO - [kucoin] Reconnecting in 30 seconds...
2025-09-09 22:30:11,122 - INFO - [kucoin] Reconnecting in 30 seconds...
2025-09-09 22:30:11,122 - INFO - [kucoin] Reconnecting in 30 seconds...
2025-09-09 22:30:11,122 - INFO - [kucoin] Reconnecting in 30 seconds...
2025-09-09 22:30:11,131 - INFO - [kucoin] Reconnecting in 30 seconds...
2025-09-09 22:30:11,133 - INFO - [kucoin] Reconnecting in 30 seconds...
2025-09-09 22:30:11,145 - INFO - [kucoin] Reconnecting in 30 seconds...
2025-09-09 22:30:11,147 - INFO - [kucoin] Reconnecting in 30 seconds...
2025-09-09 22:30:11,149 - INFO - [kucoin] Reconnecting in 30 seconds...
2025-09-09 22:30:11,153 - INFO - [kucoin] Reconnecting in 30 seconds...
2025-09-09 22:30:11,164 - INFO - [kucoin] Reconnecting in 30 seconds...
2025-09-09 22:30:11,165 - INFO - [kucoin] Reconnecting in 30 seconds...
2025-09-09 22:30:11,165 - INFO - [kucoin] Reconnecting in 30 seconds...
2025-09-09 22:30:11,166 - INFO - [kucoin] Reconnecting in 30 seconds...
2025-09-09 22:30:11,167 - INFO - [kucoin] Reconnecting in 30 seconds...
2025-09-09 22:30:11,168 - INFO - [kucoin] Reconnecting in 30 seconds...
2025-09-09 22:30:11,171 - INFO - [kucoin] Reconnecting in 30 seconds...
2025-09-09 22:30:11,177 - INFO - [kucoin] Reconnecting in 30 seconds...
2025-09-09 22:30:11,178 - INFO - [kucoin] Reconnecting in 30 seconds...
2025-09-09 22:30:26,728 - WARNING - [bybit] Error in symbol watcher for USDT/EUR: Connection to wss://stream.bybit.com/v5/public/spot timed out due to a ping-pong keepalive missing on time
2025-09-09 22:30:26,729 - WARNING - [bybit] Error in symbol watcher for KAS/USDC: Connection to wss://stream.bybit.com/v5/public/spot timed out due to a ping-pong keepalive missing on time
2025-09-09 22:30:26,729 - WARNING - [bybit] Error in symbol watcher for BERA/USDT: Connection to wss://stream.bybit.com/v5/public/spot timed out due to a ping-pong keepalive missing on time
2025-09-09 22:30:26,730 - WARNING - [bybit] Error in symbol watcher for WLD/EUR: Connection to wss://stream.bybit.com/v5/public/spot timed out due to a ping-pong keepalive missing on time
2025-09-09 22:30:26,731 - WARNING - [bybit] Error in symbol watcher for NXPC/MNT: Connection to wss://stream.bybit.com/v5/public/spot timed out due to a ping-pong keepalive missing on time
2025-09-09 22:30:26,732 - WARNING - [bybit] Error in symbol watcher for POL/USDT: Connection to wss://stream.bybit.com/v5/public/spot timed out due to a ping-pong keepalive missing on time
2025-09-09 22:30:26,732 - WARNING - [bybit] Error in symbol watcher for USDE/USDT: Connection to wss://stream.bybit.com/v5/public/spot timed out due to a ping-pong keepalive missing on time
2025-09-09 22:30:26,733 - WARNING - [bybit] Error in symbol watcher for ENS/USDC: Connection to wss://stream.bybit.com/v5/public/spot timed out due to a ping-pong keepalive missing on time
2025-09-09 22:30:26,734 - WARNING - [bybit] Error in symbol watcher for ICNT/USDC: Connection to wss://stream.bybit.com/v5/public/spot timed out due to a ping-pong keepalive missing on time
2025-09-09 22:30:26,735 - WARNING - [bybit] Error in symbol watcher for XRP/BTC: Connection to wss://stream.bybit.com/v5/public/spot timed out due to a ping-pong keepalive missing on time
2025-09-09 22:30:26,736 - WARNING - [bybit] Error in symbol watcher for FLOKI/USDC: Connection to wss://stream.bybit.com/v5/public/spot timed out due to a ping-pong keepalive missing on time
2025-09-09 22:30:26,738 - WARNING - [bybit] Error in symbol watcher for ETH/PLN: Connection to wss://stream.bybit.com/v5/public/spot timed out due to a ping-pong keepalive missing on time
2025-09-09 22:30:26,739 - WARNING - [bybit] Error in symbol watcher for UNI/USDT: Connection to wss://stream.bybit.com/v5/public/spot timed out due to a ping-pong keepalive missing on time
2025-09-09 22:30:26,739 - WARNING - [bybit] Error in symbol watcher for SOL/USDC: Connection to wss://stream.bybit.com/v5/public/spot timed out due to a ping-pong keepalive missing on time
2025-09-09 22:30:26,741 - WARNING - [bybit] Error in symbol watcher for FET/USDT: Connection to wss://stream.bybit.com/v5/public/spot timed out due to a ping-pong keepalive missing on time
2025-09-09 22:30:26,747 - WARNING - [bybit] Error in symbol watcher for SOL/USDE: Connection to wss://stream.bybit.com/v5/public/spot timed out due to a ping-pong keepalive missing on time
2025-09-09 22:30:26,749 - WARNING - [bybit] Error in symbol watcher for BBSOL/USDC: Connection to wss://stream.bybit.com/v5/public/spot timed out due to a ping-pong keepalive missing on time
2025-09-09 22:30:26,749 - WARNING - [bybit] Error in symbol watcher for INJ/USDT: Connection to wss://stream.bybit.com/v5/public/spot timed out due to a ping-pong keepalive missing on time
2025-09-09 22:30:26,750 - WARNING - [bybit] Error in symbol watcher for HFT/USDC: Connection to wss://stream.bybit.com/v5/public/spot timed out due to a ping-pong keepalive missing on time
2025-09-09 22:30:26,751 - WARNING - [bybit] Error in symbol watcher for DOT/USDT: Connection to wss://stream.bybit.com/v5/public/spot timed out due to a ping-pong keepalive missing on time
2025-09-09 22:30:27,007 - INFO - [bybit] Reconnecting in 30 seconds...
2025-09-09 22:30:27,008 - INFO - [bybit] Reconnecting in 30 seconds...
2025-09-09 22:30:27,010 - INFO - [bybit] Reconnecting in 30 seconds...
2025-09-09 22:30:27,017 - INFO - [bybit] Reconnecting in 30 seconds...
2025-09-09 22:30:27,018 - INFO - [bybit] Reconnecting in 30 seconds...
2025-09-09 22:30:27,020 - INFO - [bybit] Reconnecting in 30 seconds...
2025-09-09 22:30:27,023 - INFO - [bybit] Reconnecting in 30 seconds...
2025-09-09 22:30:27,025 - INFO - [bybit] Reconnecting in 30 seconds...
2025-09-09 22:30:27,027 - INFO - [bybit] Reconnecting in 30 seconds...
2025-09-09 22:30:27,029 - INFO - [bybit] Reconnecting in 30 seconds...
2025-09-09 22:30:27,030 - INFO - [bybit] Reconnecting in 30 seconds...
2025-09-09 22:30:27,031 - INFO - [bybit] Reconnecting in 30 seconds...
2025-09-09 22:30:27,036 - INFO - [bybit] Reconnecting in 30 seconds...
2025-09-09 22:30:27,038 - INFO - [bybit] Reconnecting in 30 seconds...
2025-09-09 22:30:27,041 - INFO - [bybit] Reconnecting in 30 seconds...
2025-09-09 22:30:27,042 - INFO - [bybit] Reconnecting in 30 seconds...
2025-09-09 22:30:27,043 - INFO - [bybit] Reconnecting in 30 seconds...
2025-09-09 22:30:27,044 - INFO - [bybit] Reconnecting in 30 seconds...
2025-09-09 22:30:27,045 - INFO - [bybit] Reconnecting in 30 seconds...
2025-09-09 22:30:27,048 - INFO - [bybit] Reconnecting in 30 seconds...
2025-09-09 22:31:05,303 - WARNING - [kucoin] Error in symbol watcher for DOT/USDT: kucoin GET https://api.kucoin.com/api/v1/market/orderbook/level2_100?symbol=DOT-USDT
2025-09-09 22:31:05,304 - WARNING - [kucoin] Error in symbol watcher for BTC/EUR: kucoin GET https://api.kucoin.com/api/v1/market/orderbook/level2_100?symbol=BTC-EUR
2025-09-09 22:31:05,306 - WARNING - [kucoin] Error in symbol watcher for SOL/USDC: kucoin GET https://api.kucoin.com/api/v1/market/orderbook/level2_100?symbol=SOL-USDC
2025-09-09 22:31:05,566 - INFO - [kucoin] Reconnecting in 60 seconds...
2025-09-09 22:31:05,566 - INFO - [kucoin] Reconnecting in 60 seconds...
2025-09-09 22:31:05,566 - INFO - [kucoin] Reconnecting in 60 seconds...
2025-09-09 22:31:07,047 - WARNING - [bybit] Error in symbol watcher for WLD/EUR: Connection timeout
2025-09-09 22:31:07,047 - WARNING - [bybit] Error in symbol watcher for KAS/USDC: Connection timeout
2025-09-09 22:31:07,047 - WARNING - [bybit] Error in symbol watcher for BERA/USDT: Connection timeout
2025-09-09 22:31:07,047 - WARNING - [bybit] Error in symbol watcher for ICNT/USDC: Connection timeout
2025-09-09 22:31:07,047 - WARNING - [bybit] Error in symbol watcher for NXPC/MNT: Connection timeout
2025-09-09 22:31:07,047 - WARNING - [bybit] Error in symbol watcher for POL/USDT: Connection timeout
2025-09-09 22:31:07,047 - WARNING - [bybit] Error in symbol watcher for ENS/USDC: Connection timeout
2025-09-09 22:31:07,047 - WARNING - [bybit] Error in symbol watcher for FLOKI/USDC: Connection timeout
2025-09-09 22:31:07,047 - WARNING - [bybit] Error in symbol watcher for HFT/USDC: Connection timeout
2025-09-09 22:31:07,047 - WARNING - [bybit] Error in symbol watcher for USDE/USDT: Connection timeout
2025-09-09 22:31:07,047 - WARNING - [bybit] Error in symbol watcher for XRP/BTC: Connection timeout
2025-09-09 22:31:07,057 - WARNING - [bybit] Error in symbol watcher for ETH/PLN: Connection timeout
2025-09-09 22:31:07,057 - WARNING - [bybit] Error in symbol watcher for SOL/USDE: Connection timeout
2025-09-09 22:31:07,058 - WARNING - [bybit] Error in symbol watcher for SOL/USDC: Connection timeout
2025-09-09 22:31:07,059 - WARNING - [bybit] Error in symbol watcher for INJ/USDT: Connection timeout
2025-09-09 22:31:07,060 - WARNING - [bybit] Error in symbol watcher for BBSOL/USDC: Connection timeout
2025-09-09 22:31:07,060 - WARNING - [bybit] Error in symbol watcher for USDT/EUR: Connection timeout
2025-09-09 22:31:07,063 - WARNING - [bybit] Error in symbol watcher for DOT/USDT: Connection timeout
2025-09-09 22:31:07,065 - WARNING - [bybit] Error in symbol watcher for UNI/USDT: Connection timeout
2025-09-09 22:31:07,066 - WARNING - [bybit] Error in symbol watcher for FET/USDT: Connection timeout
2025-09-09 22:31:07,332 - INFO - [bybit] Reconnecting in 60 seconds...
2025-09-09 22:31:07,332 - INFO - [bybit] Reconnecting in 60 seconds...
2025-09-09 22:31:07,332 - INFO - [bybit] Reconnecting in 60 seconds...
2025-09-09 22:31:07,332 - INFO - [bybit] Reconnecting in 60 seconds...
2025-09-09 22:31:07,332 - INFO - [bybit] Reconnecting in 60 seconds...
2025-09-09 22:31:07,345 - INFO - [bybit] Reconnecting in 60 seconds...
2025-09-09 22:31:07,350 - INFO - [bybit] Reconnecting in 60 seconds...
2025-09-09 22:31:07,352 - INFO - [bybit] Reconnecting in 60 seconds...
2025-09-09 22:31:07,353 - INFO - [bybit] Reconnecting in 60 seconds...
2025-09-09 22:31:07,355 - INFO - [bybit] Reconnecting in 60 seconds...
2025-09-09 22:31:07,357 - INFO - [bybit] Reconnecting in 60 seconds...
2025-09-09 22:31:07,357 - INFO - [bybit] Reconnecting in 60 seconds...
2025-09-09 22:31:07,357 - INFO - [bybit] Reconnecting in 60 seconds...
2025-09-09 22:31:07,366 - INFO - [bybit] Reconnecting in 60 seconds...
2025-09-09 22:31:07,368 - INFO - [bybit] Reconnecting in 60 seconds...
2025-09-09 22:31:07,374 - INFO - [bybit] Reconnecting in 60 seconds...
2025-09-09 22:31:07,375 - INFO - [bybit] Reconnecting in 60 seconds...
2025-09-09 22:31:07,377 - INFO - [bybit] Reconnecting in 60 seconds...
2025-09-09 22:31:07,377 - INFO - [bybit] Reconnecting in 60 seconds...
2025-09-09 22:31:07,381 - INFO - [bybit] Reconnecting in 60 seconds...
2025-09-09 22:31:20,321 - WARNING - [binance] Error in symbol watcher for KMNO/USDC: binance GET https://api.binance.com/api/v3/depth?symbol=KMNOUSDC&limit=1000
2025-09-09 22:31:22,619 - INFO - [binance] Reconnecting in 30 seconds...
2025-09-09 22:32:02,648 - WARNING - [binance] Error in symbol watcher for KMNO/USDC: Connection timeout
2025-09-09 22:32:02,916 - INFO - [binance] Reconnecting in 60 seconds...
2025-09-09 22:32:17,355 - WARNING - [bybit] Error in symbol watcher for ENS/USDC: Connection timeout
2025-09-09 22:32:17,358 - WARNING - [bybit] Error in symbol watcher for ICNT/USDC: Connection timeout
2025-09-09 22:32:17,360 - WARNING - [bybit] Error in symbol watcher for BERA/USDT: Connection timeout
2025-09-09 22:32:17,361 - WARNING - [bybit] Error in symbol watcher for HFT/USDC: Connection timeout
2025-09-09 22:32:17,366 - WARNING - [bybit] Error in symbol watcher for KAS/USDC: Connection timeout
2025-09-09 22:32:17,368 - WARNING - [bybit] Error in symbol watcher for NXPC/MNT: Connection timeout
2025-09-09 22:32:17,372 - WARNING - [bybit] Error in symbol watcher for ETH/PLN: Connection timeout
2025-09-09 22:32:17,373 - WARNING - [bybit] Error in symbol watcher for POL/USDT: Connection timeout
2025-09-09 22:32:17,374 - WARNING - [bybit] Error in symbol watcher for XRP/BTC: Connection timeout
2025-09-09 22:32:17,375 - WARNING - [bybit] Error in symbol watcher for DOT/USDT: Connection timeout
2025-09-09 22:32:17,382 - WARNING - [bybit] Error in symbol watcher for FLOKI/USDC: Connection timeout
2025-09-09 22:32:17,386 - WARNING - [bybit] Error in symbol watcher for USDE/USDT: Connection timeout
2025-09-09 22:32:17,387 - WARNING - [bybit] Error in symbol watcher for FET/USDT: Connection timeout
2025-09-09 22:32:17,399 - WARNING - [bybit] Error in symbol watcher for UNI/USDT: Connection timeout
2025-09-09 22:32:17,400 - WARNING - [bybit] Error in symbol watcher for SOL/USDE: Connection timeout
2025-09-09 22:32:17,402 - WARNING - [bybit] Error in symbol watcher for WLD/EUR: Connection timeout
2025-09-09 22:32:17,403 - WARNING - [bybit] Error in symbol watcher for INJ/USDT: Connection timeout
2025-09-09 22:32:17,403 - WARNING - [bybit] Error in symbol watcher for SOL/USDC: Connection timeout
2025-09-09 22:32:17,409 - WARNING - [bybit] Error in symbol watcher for USDT/EUR: Connection timeout
2025-09-09 22:32:17,410 - WARNING - [bybit] Error in symbol watcher for BBSOL/USDC: Connection timeout
2025-09-09 22:32:17,671 - INFO - [bybit] Reconnecting in 120 seconds...
2025-09-09 22:32:17,671 - INFO - [bybit] Reconnecting in 120 seconds...
2025-09-09 22:32:17,671 - INFO - [bybit] Reconnecting in 120 seconds...
2025-09-09 22:32:17,671 - INFO - [bybit] Reconnecting in 120 seconds...
2025-09-09 22:32:17,671 - INFO - [bybit] Reconnecting in 120 seconds...
2025-09-09 22:32:17,684 - INFO - [bybit] Reconnecting in 120 seconds...
2025-09-09 22:32:17,691 - INFO - [bybit] Reconnecting in 120 seconds...
2025-09-09 22:32:17,693 - INFO - [bybit] Reconnecting in 120 seconds...
2025-09-09 22:32:17,700 - INFO - [bybit] Reconnecting in 120 seconds...
2025-09-09 22:32:17,704 - INFO - [bybit] Reconnecting in 120 seconds...
2025-09-09 22:32:17,705 - INFO - [bybit] Reconnecting in 120 seconds...
2025-09-09 22:32:17,707 - INFO - [bybit] Reconnecting in 120 seconds...
2025-09-09 22:32:17,708 - INFO - [bybit] Reconnecting in 120 seconds...
2025-09-09 22:32:17,708 - INFO - [bybit] Reconnecting in 120 seconds...
2025-09-09 22:32:17,709 - INFO - [bybit] Reconnecting in 120 seconds...
2025-09-09 22:32:17,709 - INFO - [bybit] Reconnecting in 120 seconds...
2025-09-09 22:32:17,709 - INFO - [bybit] Reconnecting in 120 seconds...
2025-09-09 22:32:17,709 - INFO - [bybit] Reconnecting in 120 seconds...
2025-09-09 22:32:17,713 - INFO - [bybit] Reconnecting in 120 seconds...
2025-09-09 22:32:17,715 - INFO - [bybit] Reconnecting in 120 seconds...
2025-09-09 22:32:26,324 - WARNING - [kucoin] Error in symbol watcher for DOT/USDT: kucoin GET https://api.kucoin.com/api/v1/market/orderbook/level2_100?symbol=DOT-USDT
2025-09-09 22:32:36,387 - INFO - [kucoin] Reconnecting in 120 seconds...
2025-09-09 22:33:27,457 - INFO - Updating account balances...
2025-09-09 22:33:27,579 - ERROR - Could not fetch balance for bybit: bybit requires "apiKey" credential
2025-09-09 22:33:27,638 - ERROR - Could not fetch balance for kucoin: kucoin requires "apiKey" credential
2025-09-09 22:33:27,833 - ERROR - Could not fetch balance for bingx: bingx requires "apiKey" credential
2025-09-09 22:33:28,354 - ERROR - Could not fetch balance for binance: binance requires "apiKey" credential
2025-09-09 22:33:28,354 - INFO - Account balances updated successfully.
2025-09-09 22:34:27,694 - WARNING - [bybit] Error in symbol watcher for BERA/USDT: Connection timeout
2025-09-09 22:34:27,695 - WARNING - [bybit] Error in symbol watcher for USDT/EUR: Connection timeout
2025-09-09 22:34:27,695 - WARNING - [bybit] Error in symbol watcher for ICNT/USDC: Connection timeout
2025-09-09 22:34:27,695 - WARNING - [bybit] Error in symbol watcher for ENS/USDC: Connection timeout
2025-09-09 22:34:27,695 - WARNING - [bybit] Error in symbol watcher for BBSOL/USDC: Connection timeout
2025-09-09 22:34:27,707 - WARNING - [bybit] Error in symbol watcher for USDE/USDT: Connection timeout
2025-09-09 22:34:27,709 - WARNING - [bybit] Error in symbol watcher for HFT/USDC: Connection timeout
2025-09-09 22:34:27,709 - WARNING - [bybit] Error in symbol watcher for WLD/EUR: Connection timeout
2025-09-09 22:34:27,709 - WARNING - [bybit] Error in symbol watcher for INJ/USDT: Connection timeout
2025-09-09 22:34:27,709 - WARNING - [bybit] Error in symbol watcher for SOL/USDC: Connection timeout
2025-09-09 22:34:27,709 - WARNING - [bybit] Error in symbol watcher for SOL/USDE: Connection timeout
2025-09-09 22:34:27,709 - WARNING - [bybit] Error in symbol watcher for XRP/BTC: Connection timeout
2025-09-09 22:34:27,717 - WARNING - [bybit] Error in symbol watcher for UNI/USDT: Connection timeout
2025-09-09 22:34:27,718 - WARNING - [bybit] Error in symbol watcher for NXPC/MNT: Connection timeout
2025-09-09 22:34:27,718 - WARNING - [bybit] Error in symbol watcher for FLOKI/USDC: Connection timeout
2025-09-09 22:34:27,718 - WARNING - [bybit] Error in symbol watcher for POL/USDT: Connection timeout
2025-09-09 22:34:27,718 - WARNING - [bybit] Error in symbol watcher for KAS/USDC: Connection timeout
2025-09-09 22:34:27,718 - WARNING - [bybit] Error in symbol watcher for ETH/PLN: Connection timeout
2025-09-09 22:34:27,718 - WARNING - [bybit] Error in symbol watcher for FET/USDT: Connection timeout
2025-09-09 22:34:27,718 - WARNING - [bybit] Error in symbol watcher for DOT/USDT: Connection timeout
2025-09-09 22:34:27,963 - INFO - [bybit] Reconnecting in 240 seconds...
2025-09-09 22:34:27,963 - INFO - [bybit] Reconnecting in 240 seconds...
2025-09-09 22:34:27,963 - INFO - [bybit] Reconnecting in 240 seconds...
2025-09-09 22:34:27,963 - INFO - [bybit] Reconnecting in 240 seconds...
2025-09-09 22:34:27,963 - INFO - [bybit] Reconnecting in 240 seconds...
2025-09-09 22:34:27,963 - INFO - [bybit] Reconnecting in 240 seconds...
2025-09-09 22:34:27,973 - INFO - [bybit] Reconnecting in 240 seconds...
2025-09-09 22:34:27,974 - INFO - [bybit] Reconnecting in 240 seconds...
2025-09-09 22:34:27,996 - INFO - [bybit] Reconnecting in 240 seconds...
2025-09-09 22:34:27,998 - INFO - [bybit] Reconnecting in 240 seconds...
2025-09-09 22:34:28,000 - INFO - [bybit] Reconnecting in 240 seconds...
2025-09-09 22:34:28,001 - INFO - [bybit] Reconnecting in 240 seconds...
2025-09-09 22:34:28,003 - INFO - [bybit] Reconnecting in 240 seconds...
2025-09-09 22:34:28,008 - INFO - [bybit] Reconnecting in 240 seconds...
2025-09-09 22:34:28,009 - INFO - [bybit] Reconnecting in 240 seconds...
2025-09-09 22:34:28,010 - INFO - [bybit] Reconnecting in 240 seconds...
2025-09-09 22:34:28,011 - INFO - [bybit] Reconnecting in 240 seconds...
2025-09-09 22:34:28,011 - INFO - [bybit] Reconnecting in 240 seconds...
2025-09-09 22:34:28,012 - INFO - [bybit] Reconnecting in 240 seconds...
2025-09-09 22:34:28,012 - INFO - [bybit] Reconnecting in 240 seconds...
2025-09-09 22:34:46,422 - WARNING - [kucoin] Error in symbol watcher for DOT/USDT: Connection timeout
2025-09-09 22:34:46,699 - INFO - [kucoin] Reconnecting in 240 seconds...
2025-09-09 22:38:28,365 - INFO - Updating account balances...
2025-09-09 22:38:28,486 - ERROR - Could not fetch balance for bybit: bybit requires "apiKey" credential
2025-09-09 22:38:28,561 - ERROR - Could not fetch balance for kucoin: kucoin requires "apiKey" credential
2025-09-09 22:38:28,765 - ERROR - Could not fetch balance for bingx: bingx requires "apiKey" credential
2025-09-09 22:38:29,281 - ERROR - Could not fetch balance for binance: binance requires "apiKey" credential
2025-09-09 22:38:29,281 - INFO - Account balances updated successfully.
2025-09-09 22:43:29,284 - INFO - Updating account balances...
2025-09-09 22:43:29,382 - ERROR - Could not fetch balance for bybit: bybit requires "apiKey" credential
2025-09-09 22:43:29,436 - ERROR - Could not fetch balance for kucoin: kucoin requires "apiKey" credential
2025-09-09 22:43:29,646 - ERROR - Could not fetch balance for bingx: bingx requires "apiKey" credential
2025-09-09 22:43:29,836 - ERROR - Could not fetch balance for binance: binance requires "apiKey" credential
2025-09-09 22:43:29,838 - INFO - Account balances updated successfully.
2025-09-09 22:48:29,843 - INFO - Updating account balances...
2025-09-09 22:48:30,146 - ERROR - Could not fetch balance for bybit: bybit requires "apiKey" credential
2025-09-09 22:48:30,251 - ERROR - Could not fetch balance for kucoin: kucoin requires "apiKey" credential
2025-09-09 22:48:30,453 - ERROR - Could not fetch balance for bingx: bingx requires "apiKey" credential
2025-09-09 22:48:30,655 - ERROR - Could not fetch balance for binance: binance requires "apiKey" credential
2025-09-09 22:48:30,656 - INFO - Account balances updated successfully.
2025-09-09 22:53:30,661 - INFO - Updating account balances...
2025-09-09 22:53:30,865 - ERROR - Could not fetch balance for bybit: bybit requires "apiKey" credential
2025-09-09 22:53:30,932 - ERROR - Could not fetch balance for kucoin: kucoin requires "apiKey" credential
2025-09-09 22:53:31,130 - ERROR - Could not fetch balance for bingx: bingx requires "apiKey" credential
2025-09-09 22:53:31,340 - ERROR - Could not fetch balance for binance: binance requires "apiKey" credential
2025-09-09 22:53:31,340 - INFO - Account balances updated successfully.
2025-09-09 22:58:31,354 - INFO - Updating account balances...
2025-09-09 22:58:31,454 - ERROR - Could not fetch balance for bybit: bybit requires "apiKey" credential
2025-09-09 22:58:31,536 - ERROR - Could not fetch balance for kucoin: kucoin requires "apiKey" credential
2025-09-09 22:58:31,737 - ERROR - Could not fetch balance for bingx: bingx requires "apiKey" credential
2025-09-09 22:58:31,940 - ERROR - Could not fetch balance for binance: binance requires "apiKey" credential
2025-09-09 22:58:31,940 - INFO - Account balances updated successfully.
